

0  :
                          '\n' :    10
                          '\c' :    11
                           '#' :    12
                           '-' :     8
                          '\\' :     9

1  :
                          '\n' :    10
                          '\c' :    11
                           '#' :    12
                           '-' :     8
                          '\\' :     9

2  :
        [^\000\n\c "#'\-:>\\|] :    19
                          '\n' :    10
                          '\c' :    15
                           ' ' :    20
                           '"' :    17
                           '#' :    16
                          '\'' :    18
                           '-' :    13
                           ':' :    23
                           '>' :    21
                          '\\' :    14
                           '|' :    22

3  :
        [^\000\n\c "#'\-:>\\|] :    19
                          '\n' :    10
                          '\c' :    15
                           ' ' :    20
                           '"' :    17
                           '#' :    16
                          '\'' :    18
                           '-' :    13
                           ':' :    23
                           '>' :    21
                          '\\' :    14
                           '|' :    22

4  :
         [^\000\n\c "#'\->\\|] :    32
                          '\n' :    26
                          '\c' :    27
                           ' ' :    29
                           '"' :    33
                           '#' :    28
                          '\'' :    34
                           '-' :    24
                           '>' :    30
                          '\\' :    25
                           '|' :    31

5  :
         [^\000\n\c "#'\->\\|] :    32
                          '\n' :    26
                          '\c' :    27
                           ' ' :    29
                           '"' :    33
                           '#' :    28
                          '\'' :    34
                           '-' :    24
                           '>' :    30
                          '\\' :    25
                           '|' :    31

6  :
         [^\000\n\c "#'\->\\|] :    42
                          '\n' :    36
                          '\c' :    37
                           ' ' :    41
                           '"' :    43
                           '#' :    38
                          '\'' :    44
                           '-' :    35
                           '>' :    39
                          '\\' :     9
                           '|' :    40

7  :
         [^\000\n\c "#'\->\\|] :    42
                          '\n' :    36
                          '\c' :    37
                           ' ' :    41
                           '"' :    43
                           '#' :    38
                          '\'' :    44
                           '-' :    35
                           '>' :    39
                          '\\' :     9
                           '|' :    40

8  :
                           '-' :    45

9  :
                       [\n\c ] :    46

10* :     3

11* :     4

12* :     5
                             . :    12

13* :     9    17
                           '-' :    45

14* :    10    17
                 [^\000\n\c :] :    48
                          '\n' :    46
                         [\c ] :    47
                           ':' :    49

15* :     4    10    17
                    [^\000\n:] :    48
                           ':' :    49

16* :     5    10    17
                    [^\000\n:] :    51
                           ':' :    50

17* :    10    17
                 [^\000\n":\\] :    55
                           '"' :    54
                           ':' :    53
                          '\\' :    52

18* :    10    17
                 [^\000\n':\\] :    58
                          '\'' :    54
                           ':' :    57
                          '\\' :    56

19* :    10    17
                    [^\000\n:] :    48
                           ':' :    49

20* :     8
                           ' ' :    20
                           '-' :    59

21* :    10    13    17
                [^\000\n#+\-:] :    48
                           '#' :    62
                           '+' :    61
                           '-' :    60
                           ':' :    49

22* :    10    16    17
                [^\000\n#+\-:] :    48
                           '#' :    65
                           '+' :    64
                           '-' :    63
                           ':' :    49

23* :    17

24* :    26
                           '-' :    45

25* :    26
                       [\n\c ] :    46

26* :     3    18

27* :     4    26

28* :     5    26
                             . :    12

29* :    19
                           ' ' :    29

30* :    22    26
                           '#' :    68
                           '+' :    67
                           '-' :    66

31* :    25    26
                           '#' :    71
                           '+' :    70
                           '-' :    69

32* :    26

33* :    26
                  [^\000\n"\\] :    73
                           '"' :    74
                          '\\' :    72

34* :    26
                  [^\000\n'\\] :    76
                          '\'' :    74
                          '\\' :    75

35* :    36
                [^\000\n\-\\|] :    42
                           '-' :    77

36* :     3    28

37* :     4    36
                  [^\000\n\\|] :    42

38* :     5    36
                  [^\000\n\\|] :    38
                         [\\|] :    12

39* :    31    36
              [^\000\n#+\-\\|] :    42
                           '#' :    80
                           '+' :    79
                           '-' :    78

40* :    34
                           '#' :    83
                           '+' :    82
                           '-' :    81

41* :    35    36
                 [^\000\n \\|] :    42
                           ' ' :    41

42* :    36
                  [^\000\n\\|] :    42

43* :    36
                 [^\000\n"\\|] :    43
                           '"' :    84
                          '\\' :    85
                           '|' :    86

44* :    36
                 [^\000\n'\\|] :    44
                          '\'' :    84
                          '\\' :    87
                           '|' :    88

45  :
                           '-' :    89

46  :
                       [\n\c ] :    46
                          '\\' :    90

47* :    10
               [^\000\n\c :\\] :    48
                          '\n' :    46
                         [\c ] :    47
                           ':' :    49
                          '\\' :    91

48* :    10
                    [^\000\n:] :    48
                           ':' :    49

49* :     7

50* :     5     7
                             . :    12

51* :     5    10
                    [^\000\n:] :    51
                           ':' :    50

52* :    10
                 [^\000\n":\\] :    55
                           '"' :    92
                           ':' :    53
                          '\\' :    52

53* :     7
                  [^\000\n"\\] :    94
                           '"' :    95
                          '\\' :    93

54* :     6    10
                    [^\000\n:] :    48
                           ':' :    49

55* :    10
                 [^\000\n":\\] :    55
                           '"' :    54
                           ':' :    53
                          '\\' :    52

56* :    10
                 [^\000\n':\\] :    58
                          '\'' :    96
                           ':' :    57
                          '\\' :    56

57* :     7
                  [^\000\n'\\] :    98
                          '\'' :    95
                          '\\' :    97

58* :    10
                 [^\000\n':\\] :    58
                          '\'' :    54
                           ':' :    57
                          '\\' :    56

59* :     9

60* :    10    11
                   [^\000\n#:] :    48
                           '#' :    99
                           ':' :    49

61* :    10    12
                   [^\000\n#:] :    48
                           '#' :   100
                           ':' :    49

62* :    10    13
                    [^\000\n:] :    62
                           ':' :   101

63* :    10    14
                   [^\000\n#:] :    48
                           '#' :   102
                           ':' :    49

64* :    10    15
                   [^\000\n#:] :    48
                           '#' :   103
                           ':' :    49

65* :    10    16
                    [^\000\n:] :    65
                           ':' :   104

66* :    20
                           '#' :   105

67* :    21
                           '#' :   106

68* :    22
                             . :    68

69* :    23
                           '#' :   107

70* :    24
                           '#' :   108

71* :    25
                             . :    71

72  :
                  [^\000\n"\\] :    73
                           '"' :   109
                          '\\' :    72

73  :
                  [^\000\n"\\] :    73
                           '"' :    74
                          '\\' :    72

74* :    27

75  :
                  [^\000\n'\\] :    76
                          '\'' :   110
                          '\\' :    75

76  :
                  [^\000\n'\\] :    76
                          '\'' :    74
                          '\\' :    75

77* :    36
                [^\000\n\-\\|] :    42
                           '-' :   111

78* :    29    36
                 [^\000\n#\\|] :    42
                           '#' :   112

79* :    30    36
                 [^\000\n#\\|] :    42
                           '#' :   113

80* :    31    36
                  [^\000\n\\|] :    80
                         [\\|] :   114

81* :    32
                           '#' :   115

82* :    33
                           '#' :   116

83* :    34
                             . :    83

84* :    36    37
                  [^\000\n\\|] :    42

85  :
                  [^\000\n"\\] :    86
                           '"' :   117
                          '\\' :    85

86  :
                  [^\000\n"\\] :    86
                           '"' :   118
                          '\\' :    85

87  :
                  [^\000\n'\\] :    88
                          '\'' :   119
                          '\\' :    87

88  :
                  [^\000\n'\\] :    88
                          '\'' :   118
                          '\\' :    87

89* :     1
                           ' ' :    89

90* :     2

91* :     2    10
                    [^\000\n:] :    48
                           ':' :    49

92* :     6    10
                 [^\000\n":\\] :    55
                           '"' :    54
                           ':' :    53
                          '\\' :    52

93  :
                  [^\000\n"\\] :    94
                           '"' :   120
                          '\\' :    93

94  :
                  [^\000\n"\\] :    94
                           '"' :    95
                          '\\' :    93

95* :     6

96* :     6    10
                 [^\000\n':\\] :    58
                          '\'' :    54
                           ':' :    57
                          '\\' :    56

97  :
                  [^\000\n'\\] :    98
                          '\'' :   121
                          '\\' :    97

98  :
                  [^\000\n'\\] :    98
                          '\'' :    95
                          '\\' :    97

99* :    10    11
                    [^\000\n:] :    99
                           ':' :   122

100* :    10    12
                    [^\000\n:] :   100
                           ':' :   123

101* :     7    13
                             . :   124

102* :    10    14
                    [^\000\n:] :   102
                           ':' :   125

103* :    10    15
                    [^\000\n:] :   103
                           ':' :   126

104* :     7    16
                             . :   127

105* :    20
                             . :   105

106* :    21
                             . :   106

107* :    23
                             . :   107

108* :    24
                             . :   108

109* :    27
                  [^\000\n"\\] :    73
                           '"' :    74
                          '\\' :    72

110* :    27
                  [^\000\n'\\] :    76
                          '\'' :    74
                          '\\' :    75

111* :     1    36
                 [^\000\n \\|] :    42
                           ' ' :   111

112* :    29    36
                  [^\000\n\\|] :   112
                         [\\|] :   128

113* :    30    36
                  [^\000\n\\|] :   113
                         [\\|] :   129

114* :    31
                             . :   114

115* :    32
                             . :   115

116* :    33
                             . :   116

117* :    37
                  [^\000\n"\\] :    86
                           '"' :   118
                          '\\' :    85

118* :    37

119* :    37
                  [^\000\n'\\] :    88
                          '\'' :   118
                          '\\' :    87

120* :     6
                  [^\000\n"\\] :    94
                           '"' :    95
                          '\\' :    93

121* :     6
                  [^\000\n'\\] :    98
                          '\'' :    95
                          '\\' :    97

122* :     7    11
                             . :   130

123* :     7    12
                             . :   131

124* :    13
                             . :   124

125* :     7    14
                             . :   132

126* :     7    15
                             . :   133

127* :    16
                             . :   127

128* :    29
                             . :   128

129* :    30
                             . :   129

130* :    11
                             . :   130

131* :    12
                             . :   131

132* :    14
                             . :   132

133* :    15
                             . :   133
