

0* :     5
        [^\000\t\n\f "'\-;=Ss] :    10
                       [\t\f ] :     5
                          '\n' :     6
                           '"' :     3
                          '\'' :     2
                           '-' :     7
                           ';' :     9
                           '=' :     4
                          [Ss] :     8

1* :     5
        [^\000\t\n\f "'\-;=Ss] :    10
                       [\t\f ] :     5
                          '\n' :     6
                           '"' :     3
                          '\'' :     2
                           '-' :     7
                           ';' :     9
                           '=' :     4
                          [Ss] :     8

2* :     8
                    [^\000\n'] :    11
                          '\n' :    12
                          '\'' :    13

3* :     8
                    [^\000\n"] :    14
                          '\n' :    15
                           '"' :    16

4* :     8
                     [A-Z_a-z] :    17

5* :     5     8
                     [\t\n\f ] :     6
                           '-' :    18

6* :     5
                     [\t\n\f ] :     6
                           '-' :    18

7* :     8
                           '-' :    19

8* :     8
                          [Ee] :    20

9* :     7     8

10* :     8

11  :
                    [^\000\n'] :    11
                          '\n' :    12
                          '\'' :    13

12  :
                  [^\000\n'\-] :    11
                          '\n' :    12
                          '\'' :    13
                           '-' :    21

13* :     1
                          '\'' :    11

14  :
                    [^\000\n"] :    14
                          '\n' :    15
                           '"' :    16

15  :
                  [^\000\n"\-] :    14
                          '\n' :    15
                           '"' :    16
                           '-' :    22

16* :     2
                           '"' :    14

17* :     4
                [\-0-9A-Z_a-z] :    17
                           '.' :    23

18  :
                           '-' :    19

19  :
                             . :    19
                          '\n' :     6

20  :
                          [Ll] :    24

21  :
               [^\000\t\n\f '] :    11
                       [\t\f ] :    21
                          '\n' :    12
                          '\'' :    25

22  :
               [^\000\t\n\f "] :    14
                       [\t\f ] :    22
                          '\n' :    15
                           '"' :    26

23  :
                     [A-Z_a-z] :    27

24  :
                          [Ee] :    28

25* :     1
                    [^\000\n'] :    11
                          '\n' :    12
                          '\'' :    25

26* :     2
                    [^\000\n"] :    14
                          '\n' :    15
                           '"' :    26

27* :     3
                [\-0-9A-Z_a-z] :    27

28  :
                          [Cc] :    29

29  :
                          [Tt] :    30

30  :
                     [\t\n\f ] :    30
                           '*' :    32
                           '-' :    31

31  :
                           '-' :    33

32  :
                     [\t\n\f ] :    32
                           '-' :    34
                          [Ff] :    35

33  :
                             . :    33
                          '\n' :    30

34  :
                           '-' :    36

35  :
                          [Rr] :    37

36  :
                             . :    36
                          '\n' :    32

37  :
                          [Oo] :    38

38  :
                          [Mm] :    39

39* :     6
