* Converting file C:\JanBo\Sources\Lazarus\axisDeer\axisDeer.dpr *
Found all unit files
* Fixing used units for file C:\JanBo\Sources\Lazarus\axisDeer\axisDeer.dpr *

*** Converting unit files belonging to project/package ***
* Converting file C:\JanBo\Sources\Lazarus\axisDeer\Main.pas *
Changed encoding from cp1252 to UTF-8
Replaced unit "Windows" with "LCLIntf, LCLType, LMessages" in uses section.
Fixed unit name from MAIN to Main.
* Converting file C:\JanBo\Sources\Lazarus\axisDeer\CHILDWIN.PAS *
Replaced unit "Windows" with "LCLIntf, LCLType, LMessages" in uses section.
Added Package virtualtreeview_package as a dependency.
* Converting file C:\JanBo\Sources\Lazarus\axisDeer\OpenXsdXmlUnit.pas *
Replaced unit "Windows" with "LCLIntf, LCLType, LMessages" in uses section.
* Converting file C:\JanBo\Sources\Lazarus\axisDeer\OpenXsdUnit.pas *
Replaced unit "Windows" with "LCLIntf, LCLType, LMessages" in uses section.

*** Converting unit files found during conversion ***
* Converting file C:\JanBo\Sources\Lazarus\Utils\forminifilez.pas *
* Converting file C:\JanBo\Sources\Lazarus\Xml\cbAbout.pas *
* Converting file C:\JanBo\Sources\Lazarus\Xml\Wsdlz.pas *
Fixed character case of unit "hashUtilz" to "HashUtilz".
Replaced unit "AdoDb" with "sqldb" in uses section.
Replaced unit "Windows" with "LCLIntf, LCLType, LMessages" in uses section.
Replaced call ExpandUNCFileName ( ExtraXsds.Strings[x]                                                              ) with ExpandUNCFileNameUTF8(ExtraXsds.Strings[x]
                                                              ) { *Converted from ExpandUNCFileName* }
Added unit FileUtil to uses section
Replaced call ExpandUNCFileName                            ( ExpandRelativeFileName                              (aFileName, sXml.Items.XmlItems[x].Value)                            ) with ExpandUNCFileNameUTF8(ExpandRelativeFileName
                              (aFileName, sXml.Items.XmlItems[x].Value)
                            ) { *Converted from ExpandUNCFileName* }
Replaced call ExpandUNCFileName                            (ExpandRelativeFileName                              (aFileName, sXml.Items.XmlItems[x].Value)                            ) with ExpandUNCFileNameUTF8(ExpandRelativeFileName
                              (aFileName, sXml.Items.XmlItems[x].Value)
                            ) { *Converted from ExpandUNCFileName* }
Replaced call ExpandUNCFileName                        (ExpandRelativeFileName                          (aFileName, sXml.Items.XmlValueByTag ['DescriptionFile'])                        ); with ExpandUNCFileNameUTF8(ExpandRelativeFileName
                          (aFileName, sXml.Items.XmlValueByTag ['DescriptionFile'])
                        ); { *Converted from ExpandUNCFileName* }
Replaced call ExpandUNCFileName                        (ExpandRelativeFileName                          (aFileName, sXml.Items.XmlValueByTag ['DescriptionFile'])                        ); with ExpandUNCFileNameUTF8(ExpandRelativeFileName
                          (aFileName, sXml.Items.XmlValueByTag ['DescriptionFile'])
                        ); { *Converted from ExpandUNCFileName* }
Replaced call ExpandUNCFileName ( ExpandRelativeFileName ( aFileName                                                                    , sXml.Items.XmlValueByTag ['DescriptionFile']                                                                    )                                           ) with ExpandUNCFileNameUTF8(ExpandRelativeFileName ( aFileName
                                                                    , sXml.Items.XmlValueByTag ['DescriptionFile']
                                                                    )
                                           ) { *Converted from ExpandUNCFileName* }
* Converting file C:\JanBo\Sources\Lazarus\Xml\xmlUtilz.pas *
Replaced call ExpandUNCFileName(ExpandRelativeFileName (aRefName, aFileName)) with ExpandUNCFileNameUTF8(ExpandRelativeFileName (aRefName, aFileName)) { *Converted from ExpandUNCFileName* }
* Converting file C:\JanBo\Sources\Lazarus\Xml\Xmlz.pas *
Replaced unit "Windows" with "LCLIntf, LCLType, LMessages" in uses section.
* Converting file C:\JanBo\Sources\Lazarus\Xml\Xsdz.pas *
Replaced call ExpandFileName(aFileName) with ExpandFileNameUTF8(aFileName) { *Converted from ExpandFileName* }
Added unit FileUtil to uses section
Replaced call ExpandFileName(aFileName); with ExpandFileNameUTF8(aFileName); { *Converted from ExpandFileName* }
* Converting file C:\JanBo\Sources\Lazarus\Xpress\Bind.pas *
Repairing include files : ..\Xpress\parser.def

*** Fixing used units and Repairing form files ***
* Repairing form file C:\JanBo\Sources\Lazarus\axisDeer\Main.lfm *
Removed property "Margins.Bottom".
Removed property "Margins.Right".
Removed property "Margins.Top".
Removed property "Margins.Left".
Removed property "TextHeight".
Removed property "WindowMenu".
Removed property "OldCreateOrder".
* Fixing used units for file C:\JanBo\Sources\Lazarus\axisDeer\Main.pas *
* Repairing form file C:\JanBo\Sources\Lazarus\axisDeer\CHILDWIN.lfm *
Removed property "Items.ItemData".
Removed property "ExplicitTop".
Removed property "Columns".
Removed property "ExplicitHeight".
Removed property "TextHeight".
Removed property "OldCreateOrder".
Changed Top coord of TMemo from "174" to "172" inside TPanel.
Changed Left coord of TMemo from "4" to "2" inside TPanel.
Changed Top coord of TListView from "4" to "2" inside TPanel.
Changed Left coord of TListView from "4" to "2" inside TPanel.
Changed Top coord of TStatusBar from "291" to "289" inside TPanel.
Changed Left coord of TStatusBar from "4" to "2" inside TPanel.
Changed Top coord of TSplitter from "169" to "167" inside TPanel.
Changed Left coord of TSplitter from "4" to "2" inside TPanel.
Added property "SimplePanel = False" for TStatusBar.
Added property "SimplePanel = False" for TStatusBar.
* Fixing used units for file C:\JanBo\Sources\Lazarus\axisDeer\CHILDWIN.PAS *
* Repairing form file C:\JanBo\Sources\Lazarus\axisDeer\OpenXsdXmlUnit.lfm *
Removed property "TextHeight".
Removed property "DesignSize".
Removed property "OldCreateOrder".
* Fixing used units for file C:\JanBo\Sources\Lazarus\axisDeer\OpenXsdXmlUnit.pas *
* Repairing form file C:\JanBo\Sources\Lazarus\axisDeer\OpenXsdUnit.lfm *
Removed property "TextHeight".
Removed property "DesignSize".
Removed property "OldCreateOrder".
* Fixing used units for file C:\JanBo\Sources\Lazarus\axisDeer\OpenXsdUnit.pas *
* Fixing used units for file C:\JanBo\Sources\Lazarus\Utils\forminifilez.pas *
* Repairing form file C:\JanBo\Sources\Lazarus\Xml\cbAbout.lfm *
* Fixing used units for file C:\JanBo\Sources\Lazarus\Xml\cbAbout.pas *
* Fixing used units for file C:\JanBo\Sources\Lazarus\Xml\Wsdlz.pas *
* Fixing used units for file C:\JanBo\Sources\Lazarus\Xml\xmlUtilz.pas *
* Fixing used units for file C:\JanBo\Sources\Lazarus\Xml\Xmlz.pas *
* Fixing used units for file C:\JanBo\Sources\Lazarus\Xml\Xsdz.pas *
* Fixing used units for file C:\JanBo\Sources\Lazarus\Xpress\Bind.pas *
Conversion took: 00:02:05
Conversion Ready.
