

0  :

1  :

2  :
                         [\t ] :    29
                          '\n' :     7
                           '"' :    27
                          '\'' :    26
                           '(' :     9
                           ')' :    10
                           '+' :    16
                           ',' :    15
                           '-' :    17
                           '.' :    20
                           '/' :    30
                           '0' :    19
                         [1-9] :    18
                           ';' :     6
                           '<' :    31
                           '=' :     8
                           '>' :    32
        [A-DF-Za-dghj-mo-su-z] :    28
                          [Ee] :    21
                           '[' :    11
                           ']' :    12
                           'f' :    25
                           'i' :    22
                           'n' :    23
                           't' :    24
                           '{' :    13
                           '}' :    14

3  :
                         [\t ] :    29
                          '\n' :     7
                           '"' :    27
                          '\'' :    26
                           '(' :     9
                           ')' :    10
                           '+' :    16
                           ',' :    15
                           '-' :    17
                           '.' :    20
                           '/' :    30
                           '0' :    19
                         [1-9] :    18
                           ';' :     6
                           '<' :    31
                           '=' :     8
                           '>' :    32
        [A-DF-Za-dghj-mo-su-z] :    28
                          [Ee] :    21
                           '[' :    11
                           ']' :    12
                           'f' :    25
                           'i' :    22
                           'n' :    23
                           't' :    24
                           '{' :    13
                           '}' :    14

4  :
                    [^\000\n*] :    34
                          '\n' :    35
                           '*' :    33

5  :
                    [^\000\n*] :    34
                          '\n' :    35
                           '*' :    33

6* :     1

7* :     2

8* :     3

9* :     4

10* :     5

11* :     6

12* :     7

13* :     8

14* :     9

15* :    10

16* :    11

17* :    12

18* :    13
                           '.' :    36
                         [0-9] :    18
                          [Ee] :    37

19* :    14
                           '.' :    36
                         [0-7] :    38
                          [89] :    40
                          [Ee] :    37
                          [Xx] :    39

20* :    23
                         [0-9] :    41
                          [Ee] :    42

21* :    19    20
                        [+\-|] :    43
                           '.' :    44
                  [0-9A-Z_a-z] :    28

22* :    19    20
                           '.' :    44
               [0-9A-Z_a-mo-z] :    28
                           'n' :    45

23* :    19    20
                           '.' :    44
                  [0-9A-Z_b-z] :    28
                           'a' :    46

24* :    19    20
                           '.' :    44
               [0-9A-Z_a-qs-z] :    28
                           'r' :    47

25* :    19    20
                           '.' :    44
                  [0-9A-Z_b-z] :    28
                           'a' :    48

26  :
                      [^\000'] :    26
                          '\'' :    49

27  :
                      [^\000"] :    27
                           '"' :    49

28* :    19    20
                           '.' :    44
                  [0-9A-Z_a-z] :    28

29* :    21
                         [\t ] :    29

30  :
                           '*' :    51
                           '/' :    50

31* :    24

32* :    25

33* :    28
                           '/' :    52

34* :    28

35* :    29

36  :
                         [0-9] :    36
                          [Ee] :    53

37  :
                        [+\-|] :    43

38* :    14
                           '.' :    36
                         [0-7] :    38
                          [89] :    40
                          [Ee] :    37

39* :    15
                   [0-9A-Fa-f] :    39

40  :
                           '.' :    36
                         [0-9] :    40
                          [Ee] :    37

41  :
                         [0-9] :    41
                          [Ee] :    42

42  :
                        [+\-|] :    54

43* :    16
                         [0-9] :    43

44  :
                      [A-Za-z] :    55

45* :    19    20
                           '.' :    44
               [0-9A-Z_a-eg-z] :    28
                           'f' :    56

46* :    19    20
                           '.' :    44
               [0-9A-Z_a-mo-z] :    28
                           'n' :    56

47* :    19    20
                           '.' :    44
               [0-9A-Z_a-tv-z] :    28
                           'u' :    57

48* :    19    20
                           '.' :    44
               [0-9A-Z_a-km-z] :    28
                           'l' :    58

49* :    18

50* :    22
                             . :    50

51* :    26

52* :    27

53  :
                        [+\-|] :    59

54* :    16
                         [0-9] :    54

55* :    20
                           '.' :    44
                  [0-9A-Z_a-z] :    55

56* :    16    19    20
                           '.' :    44
                  [0-9A-Z_a-z] :    28

57* :    19    20
                           '.' :    44
               [0-9A-Z_a-df-z] :    28
                           'e' :    60

58* :    19    20
                           '.' :    44
               [0-9A-Z_a-rt-z] :    28
                           's' :    61

59* :    16
                         [0-9] :    59

60* :    17    19    20
                           '.' :    44
                  [0-9A-Z_a-z] :    28

61* :    19    20
                           '.' :    44
               [0-9A-Z_a-df-z] :    28
                           'e' :    60
